<?xml version="1.0" encoding="UTF-8"?>
<testng-results ignored="0" total="1" passed="1" failed="0" skipped="0">
  <reporter-output>
  </reporter-output>
  <suite started-at="2022-07-24T01:57:52 AST" name="Default suite" finished-at="2022-07-24T01:57:59 AST" duration-ms="6433">
    <groups>
    </groups>
    <test started-at="2022-07-24T01:57:52 AST" name="Default test" finished-at="2022-07-24T01:57:59 AST" duration-ms="6433">
      <class name="Ass4WebElement.chromWebDriver">
        <test-method signature="chrom()[pri:0, instance:Ass4WebElement.chromWebDriver@419c5f1a]" started-at="2022-07-24T01:57:52 AST" name="chrom" finished-at="2022-07-24T01:57:59 AST" duration-ms="6411" status="PASS">
          <reporter-output>
          </reporter-output>
        </test-method> <!-- chrom -->
      </class> <!-- Ass4WebElement.chromWebDriver -->
    </test> <!-- Default test -->
  </suite> <!-- Default suite -->
</testng-results>
